<?xml version="1.0" encoding="UTF-8"?>
<testsuite name="OldJdkDateTest" tests="1" skipped="0" failures="0" errors="0" timestamp="2020-07-26T14:10:00" hostname="DESKTOP-91OQ4U5" time="0.043">
  <properties/>
  <testcase name="shouldGetAfterOneHour" classname="OldJdkDateTest" time="0.043"/>
  <system-out><![CDATA[]]></system-out>
  <system-err><![CDATA[]]></system-err>
</testsuite>
